Flutter crash report.
Please report a bug at https://github.com/flutter/flutter/issues.

## command

flutter run -d chrome

## exception

ShaderCompilerException: ShaderCompilerException: Shader compilation of "C:\Users\RecycleIT\Desktop\flutter_windows_3.38.3-stable\flutter\packages\flutter\lib\src\material\shaders\stretch_effect.frag" to "build\flutter_assets\shaders/stretch_effect.frag" failed with exit code -1073741819.
impellerc stdout:

impellerc stderr:




```
#0      ShaderCompiler.compileShader (package:flutter_tools/src/build_system/tools/shader_compiler.dart:196:9)
<asynchronous suspension>
#1      writeBundle.<anonymous closure> (package:flutter_tools/src/bundle_builder.dart:208:25)
<asynchronous suspension>
#2      Future.wait.<anonymous closure> (dart:async/future.dart:546:21)
<asynchronous suspension>
#3      writeBundle (package:flutter_tools/src/bundle_builder.dart:171:3)
<asynchronous suspension>
#4      WebDevFS.update (package:flutter_tools/src/isolated/devfs_web.dart:336:9)
<asynchronous suspension>
#5      ResidentWebRunner._updateDevFS (package:flutter_tools/src/isolated/resident_web_runner.dart:783:35)
<asynchronous suspension>
#6      ResidentWebRunner.run.<anonymous closure> (package:flutter_tools/src/isolated/resident_web_runner.dart:324:41)
<asynchronous suspension>
#7      asyncGuard.<anonymous closure> (package:flutter_tools/src/base/async_guard.dart:108:24)
<asynchronous suspension>
```

## flutter doctor

```
[32m[✓][39m Flutter (Channel stable, 3.38.3, on Microsoft Windows [Versi¢n 10.0.19045.6466], locale es-MX) [719ms]
    [32m•[39m Flutter version 3.38.3 on channel stable at C:\Users\RecycleIT\Desktop\flutter_windows_3.38.3-stable\flutter
    [32m•[39m Upstream repository https://github.com/flutter/flutter.git
    [32m•[39m Framework revision 19074d12f7 (2 weeks ago), 2025-11-20 17:53:13 -0500
    [32m•[39m Engine revision 13e658725d
    [32m•[39m Dart version 3.10.1
    [32m•[39m DevTools version 2.51.1
    [32m•[39m Feature flags: enable-web, enable-linux-desktop, enable-macos-desktop, enable-windows-desktop, enable-android, enable-ios, cli-animations,
      enable-native-assets, omit-legacy-version-file, enable-lldb-debugging

[32m[✓][39m Windows Version (10 Pro 64-bit, 22H2, 2009) [1,623ms]

[32m[✓][39m Android toolchain - develop for Android devices (Android SDK version 36.1.0) [3.7s]
    [32m•[39m Android SDK at C:\Users\RecycleIT\AppData\Local\Android\sdk
    [32m•[39m Emulator version 36.2.12.0 (build_id 14214601) (CL:N/A)
    [32m•[39m Platform android-36, build-tools 36.1.0
    [32m•[39m Java binary at: C:\Program Files\Android\Android Studio\jbr\bin\java
      This is the JDK bundled with the latest Android Studio installation on this machine.
      To manually set the JDK path, use: `flutter config --jdk-dir="path/to/jdk"`.
    [32m•[39m Java version OpenJDK Runtime Environment (build 21.0.8+-14018985-b1038.68)
    [32m•[39m All Android licenses accepted.

[32m[✓][39m Chrome - develop for the web [9ms]
    [32m•[39m Chrome at C:\Program Files\Google\Chrome\Application\chrome.exe

[31m[✗][39m Visual Studio - develop Windows apps [8ms]
    [31m✗[39m Visual Studio not installed; this is necessary to develop Windows apps.
      Download at https://visualstudio.microsoft.com/downloads/.
      Please install the "Desktop development with C++" workload, including all of its default components

[32m[✓][39m Connected device (3 available) [184ms]
    [32m•[39m Windows (desktop) • windows • windows-x64    • Microsoft Windows [Versi¢n 10.0.19045.6466]
    [32m•[39m Chrome (web)      • chrome  • web-javascript • Google Chrome 142.0.7444.176
    [32m•[39m Edge (web)        • edge    • web-javascript • Microsoft Edge 143.0.3650.66

[32m[✓][39m Network resources [233ms]
    [32m•[39m All expected network resources are available.

[33m![39m Doctor found issues in 1 category.
```
